2022-10-26 10:54:06,551 AUTO_RESUME: True
AUX_ALPHA: 1e-05
CUDNN:
  BENCHMARK: True
  DETERMINISTIC: False
  ENABLED: True
CUR_DIR: D:\light-neural-network\RPR-Pose\lib\config
DATASET:
  COLOR_RGB: False
  DATASET: coco
  FLIP: True
  HYBRID_JOINTS_TYPE: 
  NUM_JOINTS_HALF_BODY: 8
  PROB_HALD_BODY: 0.0
  ROOT: 
  ROT_FACTOR: 30
  SCALE_FACTOR: 0.25
  SELECT_DATA: False
  TEST_RATIO: 1.0
  TEST_SET: valid
  TRAIN_RATIO: 1.0
  TRAIN_SET: train
DATASET_ROOT: D:\light-neural-network\RPR-Pose\lib\config\.\dataset\
DATA_DIR: D:\light-neural-network\RPR-Pose\lib\config\.\dataset
DATA_FORMAT: jpg
DEBUG:
  DEBUG: False
  SAVE_BATCH_IMAGES_GT: False
  SAVE_BATCH_IMAGES_PRED: False
GPUS: (0,)
INIT_WEIGHTS: True
LOG_DIR: D:\light-neural-network\RPR-Pose\lib\config\.\output\log
LOSS:
  LABEL_SMOOTHING: 0.1
  TOPK: 8
  TYPE: KLDiscretLoss
  USE_DIFFERENT_JOINTS_WEIGHTS: False
  USE_OHKM: False
  USE_TARGET_WEIGHT: True
MODEL:
  DIM: 2
  EXTRA:
    
  HEAD_INPUT: 256
  HIDDEN_SIZE: [64, 128, 256]
  IMG_CHANNELS: 3
  IMG_SIZE: [256, 256]
  INIT: False
  NAME: RelativePosPose
  NUM_JOINTS: 17
  PATCH_SIZE: [16, 16]
  PRETRAINED: D:\light-neural-network\RPR-Pose\lib\config\.\dataset\
  SIGMA: 2
  TAG_PER_JOINT: True
OUTPUT_DIR: D:\light-neural-network\RPR-Pose\lib\config\.\output
PIN_MEMORY: True
PRINT_FREQ: 20
RANK: 0
ROOT_DIR: D:\light-neural-network\RPR-Pose\lib\config\.
TEST:
  BATCH_SIZE_PER_GPU: 32
  BBOX_THRE: 1.0
  BLUR_KERNEL: 11
  COCO_BBOX_FILE: 
  FLIP_TEST: False
  IMAGE_THRE: 0.1
  IN_VIS_THRE: 0.0
  MODEL_FILE: 
  NMS_THRE: 0.6
  OKS_THRE: 0.5
  PCKH_THRE: 0.5
  POST_PROCESS: False
  SHIFT_HEATMAP: False
  SOFT_NMS: False
  USE_GT_BBOX: True
TRAIN:
  BATCH_SIZE_PER_GPU: 32
  BEGIN_EPOCH: 0
  CHECKPOINT: 
  END_EPOCH: 250
  GAMMA1: 0.99
  GAMMA2: 0.0
  LR: 0.001
  LR_FACTOR: 0.1
  LR_STEP: [90, 110]
  NESTREROV: False
  OPTIMIZER: adam
  RESUME: False
  SUFFLE: True
  WD: 0.0001
TRAIN_MOMENTUM: 0.9
WORKERS: 4
2022-10-26 10:54:06,584 Total number of parameters:  409794
